2017-4-8
我的公司，增删改查 coding...day 2

2017-4-7
我的公司，增删改查 coding...day 2

2017-4-6
我的公司，增删改查 coding

2017-4-5
拆表，图片文件保存规则
路径：
uploads/home/{user.name}/...
uploads/admin/{admin.name}/...
文件名：
{type}+{time}.{MIME type}


2017-3-31
思考？
用户表需不需要拆表，用户表和管理员表
并且删除权限管理扩展

根据当前需求来看
没有使用权限扩展的必须性
并且后台管理用户不需要使用前台的功能

所以决定，拆表！（只是决定，放假回来改）

2017-3-30
开发“我的公司”模块

2017-3-29
前端页面出来，嵌入框架

2017-3-28
js操作

2017-3-27
微名片 后台js开发

2017-3-25
代理平台直接自动登录E推平台

2017-3-24
代理平台，添加E推套餐选择

2017-3-23
修改【代理平台】E推

2017-3-22
尝试升级laravel 5.4 ，失败

2017-3-21
添加JS

2017-3-20
修改php.ini文件
upload_max_filesize=10M 上传文件大小限制10M

2017-3-18
后台管理页面样式调试

2017-3-17
添加语言扩展包
配置邮箱发送邮件

2017-3-16
重写登录验证控制器与路由，不再使用扩展包的登录模块

2017-3-15
前台用户(Users)、后台管理员(Managers)表合并
添加字段（is_admin是否管理员：0-否，1-是）区分，也可添加管理员[角色]、[权限]
统一登录入口，登录后进入前台用户界面，有管理员权限的用户显示后台管理页面入口
<管理员>[角色]同属于<12t>[公司]
<超级管理员>特定账号，根据（Users.name=='admin'）判断是否是默认超级管理员，也可自己添加<超级管理员>[角色]
默认超级管理员
[账号]admin(admin@admin.com)
[密码]admin123